<?xml version="1.0" encoding="UTF-8"?>
<!-- Generated by org.testng.reporters.JUnitXMLReporter -->
<testsuite ignored="0" hostname="pc-5.home" failures="0" tests="2" name="Default test" time="17.426" errors="0" timestamp="2023-12-05T20:30:12 EET">
  <testcase classname="com.omayoproject.rightpagetest.ConfirmationDialogTest" name="getConfirmationAcceptTest" time="3.409"/>
  <testcase classname="com.omayoproject.rightpagetest.ConfirmationDialogTest" name="getConfirmationCancelTest" time="3.206"/>
</testsuite> <!-- Default test -->
