<?xml version="1.0" encoding="UTF-8"?>
<!-- Generated by org.testng.reporters.JUnitXMLReporter -->
<testsuite ignored="5" hostname="pc-5.home" failures="0" tests="2" name="Test" time="23.71" errors="0" timestamp="2023-11-21T11:02:17 EET">
  <testcase classname="com.omayoproject.leftpagetest.MultiSelectionBoxTest" name="multiSelectionBoxTest" time="3.441"/>
  <testcase classname="com.omayoproject.centerpagetest.LoginTest" name="loginTest" time="0.899"/>
  <testcase classname="com.omayoproject.centerpagetest.Iframe1andIfram2Test" name="iframe1AndIfram2Test" time="0.0">
    <ignored/>
  </testcase> <!-- iframe1AndIfram2Test -->
  <testcase classname="com.omayoproject.centerpagetest.TextAreaFieldTest" name="textAreaFiledTest" time="0.0">
    <ignored/>
  </testcase> <!-- textAreaFiledTest -->
  <testcase classname="com.omayoproject.centerpagetest.HTMLFormTest" name="HTMLLoginTest" time="0.0">
    <ignored/>
  </testcase> <!-- HTMLLoginTest -->
  <testcase classname="com.omayoproject.centerpagetest.TableTest" name="tableTest" time="0.0">
    <ignored/>
  </testcase> <!-- tableTest -->
  <testcase classname="com.omayoproject.centerpagetest.TextAreaFieldTwoTest" name="textAreaFieldTwoTest" time="0.0">
    <ignored/>
  </testcase> <!-- textAreaFieldTwoTest -->
</testsuite> <!-- Test -->
