<?xml version="1.0" encoding="UTF-8"?>
<testng-results ignored="0" total="2" passed="2" failed="0" skipped="0">
  <reporter-output>
  </reporter-output>
  <suite started-at="2023-12-05T20:29:55 EET" name="Default suite" finished-at="2023-12-05T20:30:12 EET" duration-ms="17426">
    <groups>
    </groups>
    <test started-at="2023-12-05T20:29:55 EET" name="Default test" finished-at="2023-12-05T20:30:12 EET" duration-ms="17426">
      <class name="com.omayoproject.rightpagetest.ConfirmationDialogTest">
        <test-method is-config="true" signature="setUp()[pri:0, instance:com.omayoproject.rightpagetest.ConfirmationDialogTest@6979efad]" started-at="2023-12-05T20:29:55 EET" name="setUp" finished-at="2023-12-05T20:30:05 EET" duration-ms="10692" status="PASS">
          <reporter-output>
          </reporter-output>
        </test-method> <!-- setUp -->
        <test-method signature="getConfirmationAcceptTest()[pri:0, instance:com.omayoproject.rightpagetest.ConfirmationDialogTest@6979efad]" started-at="2023-12-05T20:30:05 EET" name="getConfirmationAcceptTest" finished-at="2023-12-05T20:30:09 EET" duration-ms="3409" status="PASS">
          <reporter-output>
          </reporter-output>
        </test-method> <!-- getConfirmationAcceptTest -->
        <test-method signature="getConfirmationCancelTest()[pri:0, instance:com.omayoproject.rightpagetest.ConfirmationDialogTest@6979efad]" started-at="2023-12-05T20:30:09 EET" name="getConfirmationCancelTest" finished-at="2023-12-05T20:30:12 EET" duration-ms="3206" status="PASS">
          <reporter-output>
          </reporter-output>
        </test-method> <!-- getConfirmationCancelTest -->
      </class> <!-- com.omayoproject.rightpagetest.ConfirmationDialogTest -->
    </test> <!-- Default test -->
  </suite> <!-- Default suite -->
</testng-results>
